============================================================================================== 
Warning! Mixing Conda and module environments may lead to corruption of the
user environment. 
We do not recommend users mixing those two environments unless absolutely
necessary. Note that 
SURF does not provide any support for Conda environment.
For more information, please refer to our software policy page:
https://servicedesk.surf.nl/wiki/display/WIKI/Software+policy+Snellius#SoftwarepolicySnellius-UseofAnacondaandMinicondaenvironmentsonSnellius 

Remember that many packages have already been installed on the system and can
be loaded using 
the 'module load <package__name>' command. If you are uncertain if a package is
already available 
on the system, please use 'module avail' or 'module spider' to search for it.
============================================================================================== 
Cloning into 'Video-LLaVA'...
Collecting package metadata (current_repodata.json): ...working... DEBUG:urllib3.connectionpool:Starting new HTTPS connection (1): repo.anaconda.com:443
DEBUG:urllib3.connectionpool:Starting new HTTPS connection (1): repo.anaconda.com:443
DEBUG:urllib3.connectionpool:Starting new HTTPS connection (1): repo.anaconda.com:443
DEBUG:urllib3.connectionpool:Starting new HTTPS connection (1): repo.anaconda.com:443
DEBUG:urllib3.connectionpool:https://repo.anaconda.com:443 "GET /pkgs/main/noarch/current_repodata.json HTTP/1.1" 200 None
DEBUG:urllib3.connectionpool:https://repo.anaconda.com:443 "GET /pkgs/main/linux-64/current_repodata.json HTTP/1.1" 200 None
DEBUG:urllib3.connectionpool:https://repo.anaconda.com:443 "GET /pkgs/r/linux-64/current_repodata.json HTTP/1.1" 200 None
DEBUG:urllib3.connectionpool:https://repo.anaconda.com:443 "GET /pkgs/r/noarch/current_repodata.json HTTP/1.1" 200 None
done
Solving environment: ...working... done


==> WARNING: A newer version of conda exists. <==
  current version: 23.7.2
  latest version: 25.3.1

Please update conda by running

    $ conda update -n base -c defaults conda

Or to minimize the number of packages updated during conda update use

     conda install conda=25.3.1



## Package Plan ##

  environment location: /home/scur2675/.conda/envs/videollava

  added / updated specs:
    - python=3.10


The following packages will be downloaded:

    package                    |            build
    ---------------------------|-----------------
    bzip2-1.0.8                |       h5eee18b_6         262 KB
    ca-certificates-2025.2.25  |       h06a4308_0         129 KB
    ld_impl_linux-64-2.40      |       h12ee557_0         710 KB
    libffi-3.4.4               |       h6a678d5_1         141 KB
    openssl-3.0.16             |       h5eee18b_0         5.2 MB
    pip-25.0                   |  py310h06a4308_0         2.3 MB
    python-3.10.16             |       he870216_1        26.9 MB
    setuptools-75.8.0          |  py310h06a4308_0         1.6 MB
    sqlite-3.45.3              |       h5eee18b_0         1.2 MB
    tk-8.6.14                  |       h39e8969_0         3.4 MB
    tzdata-2025a               |       h04d1e81_0         117 KB
    wheel-0.45.1               |  py310h06a4308_0         115 KB
    xz-5.6.4                   |       h5eee18b_1         567 KB
    zlib-1.2.13                |       h5eee18b_1         111 KB
    ------------------------------------------------------------
                                           Total:        42.8 MB

The following NEW packages will be INSTALLED:

  _libgcc_mutex      pkgs/main/linux-64::_libgcc_mutex-0.1-main 
  _openmp_mutex      pkgs/main/linux-64::_openmp_mutex-5.1-1_gnu 
  bzip2              pkgs/main/linux-64::bzip2-1.0.8-h5eee18b_6 
  ca-certificates    pkgs/main/linux-64::ca-certificates-2025.2.25-h06a4308_0 
  ld_impl_linux-64   pkgs/main/linux-64::ld_impl_linux-64-2.40-h12ee557_0 
  libffi             pkgs/main/linux-64::libffi-3.4.4-h6a678d5_1 
  libgcc-ng          pkgs/main/linux-64::libgcc-ng-11.2.0-h1234567_1 
  libgomp            pkgs/main/linux-64::libgomp-11.2.0-h1234567_1 
  libstdcxx-ng       pkgs/main/linux-64::libstdcxx-ng-11.2.0-h1234567_1 
  libuuid            pkgs/main/linux-64::libuuid-1.41.5-h5eee18b_0 
  ncurses            pkgs/main/linux-64::ncurses-6.4-h6a678d5_0 
  openssl            pkgs/main/linux-64::openssl-3.0.16-h5eee18b_0 
  pip                pkgs/main/linux-64::pip-25.0-py310h06a4308_0 
  python             pkgs/main/linux-64::python-3.10.16-he870216_1 
  readline           pkgs/main/linux-64::readline-8.2-h5eee18b_0 
  setuptools         pkgs/main/linux-64::setuptools-75.8.0-py310h06a4308_0 
  sqlite             pkgs/main/linux-64::sqlite-3.45.3-h5eee18b_0 
  tk                 pkgs/main/linux-64::tk-8.6.14-h39e8969_0 
  tzdata             pkgs/main/noarch::tzdata-2025a-h04d1e81_0 
  wheel              pkgs/main/linux-64::wheel-0.45.1-py310h06a4308_0 
  xz                 pkgs/main/linux-64::xz-5.6.4-h5eee18b_1 
  zlib               pkgs/main/linux-64::zlib-1.2.13-h5eee18b_1 



Downloading and Extracting Packages
zlib-1.2.13          | 111 KB    |            |   0% 
setuptools-75.8.0    | 1.6 MB    |            |   0% [A

ld_impl_linux-64-2.4 | 710 KB    |            |   0% [A[ADEBUG:urllib3.connectionpool:Starting new HTTPS connection (1): repo.anaconda.com:443



tk-8.6.14            | 3.4 MB    |            |   0% [A[A[ADEBUG:urllib3.connectionpool:Starting new HTTPS connection (1): repo.anaconda.com:443




DEBUG:urllib3.connectionpool:Starting new HTTPS connection (1): repo.anaconda.com:443
python-3.10.16       | 26.9 MB   |            |   0% [A[A[A[A




tzdata-2025a         | 117 KB    |            |   0% [A[A[A[A[A





wheel-0.45.1         | 115 KB    |            |   0% [A[A[A[A[A[A






pip-25.0             | 2.3 MB    |            |   0% [A[A[A[A[A[A[A







DEBUG:urllib3.connectionpool:Starting new HTTPS connection (1): repo.anaconda.com:443
sqlite-3.45.3        | 1.2 MB    |            |   0% [A[A[A[A[A[A[A[A








DEBUG:urllib3.connectionpool:Starting new HTTPS connection (1): repo.anaconda.com:443
bzip2-1.0.8          | 262 KB    |            |   0% [A[A[A[A[A[A[A[A[A









libffi-3.4.4         | 141 KB    |            |   0% [A[A[A[A[A[A[A[A[A[A










xz-5.6.4             | 567 KB    |            |   0% [A[A[A[A[A[A[A[A[A[A[A











ca-certificates-2025 | 129 KB    |            |   0% [A[A[A[A[A[A[A[A[A[A[A[A












openssl-3.0.16       | 5.2 MB    |            |   0% [A[A[A[A[A[A[A[A[A[A[A[A[ADEBUG:urllib3.connectionpool:https://repo.anaconda.com:443 "GET /pkgs/main/linux-64/ld_impl_linux-64-2.40-h12ee557_0.conda HTTP/1.1" 200 726762
DEBUG:urllib3.connectionpool:https://repo.anaconda.com:443 "GET /pkgs/main/linux-64/setuptools-75.8.0-py310h06a4308_0.conda HTTP/1.1" 200 1716085
DEBUG:urllib3.connectionpool:https://repo.anaconda.com:443 "GET /pkgs/main/linux-64/zlib-1.2.13-h5eee18b_1.conda HTTP/1.1" 200 113492
DEBUG:urllib3.connectionpool:https://repo.anaconda.com:443 "GET /pkgs/main/linux-64/tk-8.6.14-h39e8969_0.conda HTTP/1.1" 200 3584424
DEBUG:urllib3.connectionpool:https://repo.anaconda.com:443 "GET /pkgs/main/noarch/tzdata-2025a-h04d1e81_0.conda HTTP/1.1" 200 120195
DEBUG:urllib3.connectionpool:https://repo.anaconda.com:443 "GET /pkgs/main/linux-64/python-3.10.16-he870216_1.conda HTTP/1.1" 200 28154399
DEBUG:urllib3.connectionpool:https://repo.anaconda.com:443 "GET /pkgs/main/linux-64/wheel-0.45.1-py310h06a4308_0.conda HTTP/1.1" 200 117393
DEBUG:urllib3.connectionpool:https://repo.anaconda.com:443 "GET /pkgs/main/linux-64/pip-25.0-py310h06a4308_0.conda HTTP/1.1" 200 2430997
zlib-1.2.13          | 111 KB    | ########## | 100% DEBUG:urllib3.connectionpool:https://repo.anaconda.com:443 "GET /pkgs/main/linux-64/sqlite-3.45.3-h5eee18b_0.conda HTTP/1.1" 200 1285571



tk-8.6.14            | 3.4 MB    | ########9  |  90% DEBUG:urllib3.connectionpool:https://repo.anaconda.com:443 "GET /pkgs/main/linux-64/bzip2-1.0.8-h5eee18b_6.conda HTTP/1.1" 200 268384
[A[A[A



python-3.10.16       | 26.9 MB   | 5          |   6% [A[A[A[A






pip-25.0             | 2.3 MB    | ######6    |  67% [A[A[A[A[A[A[A








bzip2-1.0.8          | 262 KB    | #######3   |  73% [A[A[A[A[A[A[A[A[A

ld_impl_linux-64-2.4 | 710 KB    | ########## | 100% [A[A

ld_impl_linux-64-2.4 | 710 KB    | ########## | 100% [A[ADEBUG:urllib3.connectionpool:https://repo.anaconda.com:443 "GET /pkgs/main/linux-64/libffi-3.4.4-h6a678d5_1.conda HTTP/1.1" 200 144691










libffi-3.4.4         | 141 KB    | #1         |  11% [A[A[A[A[A[A[A[A[A[ADEBUG:urllib3.connectionpool:https://repo.anaconda.com:443 "GET /pkgs/main/linux-64/xz-5.6.4-h5eee18b_1.conda HTTP/1.1" 200 580311











xz-5.6.4             | 567 KB    | 2          |   3% [A[A[A[A[A[A[A[A[A[A[ADEBUG:urllib3.connectionpool:https://repo.anaconda.com:443 "GET /pkgs/main/linux-64/ca-certificates-2025.2.25-h06a4308_0.conda HTTP/1.1" 200 132323












ca-certificates-2025 | 129 KB    | #2         |  12% [A[A[A[A[A[A[A[A[A[A[A[ADEBUG:urllib3.connectionpool:https://repo.anaconda.com:443 "GET /pkgs/main/linux-64/openssl-3.0.16-h5eee18b_0.conda HTTP/1.1" 200 5493205













openssl-3.0.16       | 5.2 MB    |            |   0% [A[A[A[A[A[A[A[A[A[A[A[A[A



python-3.10.16       | 26.9 MB   | ###4       |  34% [A[A[A[A





wheel-0.45.1         | 115 KB    | ########## | 100% [A[A[A[A[A[A





wheel-0.45.1         | 115 KB    | ########## | 100% [A[A[A[A[A[A







sqlite-3.45.3        | 1.2 MB    | ########## | 100% [A[A[A[A[A[A[A[A







sqlite-3.45.3        | 1.2 MB    | ########## | 100% [A[A[A[A[A[A[A[A








bzip2-1.0.8          | 262 KB    | ########## | 100% [A[A[A[A[A[A[A[A[A



python-3.10.16       | 26.9 MB   | #######1   |  71% [A[A[A[A




tzdata-2025a         | 117 KB    | ########## | 100% [A[A[A[A[A




tzdata-2025a         | 117 KB    | ########## | 100% [A[A[A[A[A


tk-8.6.14            | 3.4 MB    | ########## | 100% [A[A[A
setuptools-75.8.0    | 1.6 MB    | ########## | 100% [A
setuptools-75.8.0    | 1.6 MB    | ########## | 100% [A









libffi-3.4.4         | 141 KB    | ########## | 100% [A[A[A[A[A[A[A[A[A[A









libffi-3.4.4         | 141 KB    | ########## | 100% [A[A[A[A[A[A[A[A[A[A











ca-certificates-2025 | 129 KB    | ########## | 100% [A[A[A[A[A[A[A[A[A[A[A[A











ca-certificates-2025 | 129 KB    | ########## | 100% [A[A[A[A[A[A[A[A[A[A[A[A










xz-5.6.4             | 567 KB    | ########## | 100% [A[A[A[A[A[A[A[A[A[A[A










xz-5.6.4             | 567 KB    | ########## | 100% [A[A[A[A[A[A[A[A[A[A[A












openssl-3.0.16       | 5.2 MB    | ########## | 100% [A[A[A[A[A[A[A[A[A[A[A[A[A












openssl-3.0.16       | 5.2 MB    | ########## | 100% [A[A[A[A[A[A[A[A[A[A[A[A[A






pip-25.0             | 2.3 MB    | ########## | 100% [A[A[A[A[A[A[A



python-3.10.16       | 26.9 MB   | ########## | 100% [A[A[A[A



python-3.10.16       | 26.9 MB   | ########## | 100% [A[A[A[A                                                     
                                                     [A

                                                     [A[A


                                                     [A[A[A



                                                     [A[A[A[A




                                                     [A[A[A[A[A





                                                     [A[A[A[A[A[A






                                                     [A[A[A[A[A[A[A







                                                     [A[A[A[A[A[A[A[A








                                                     [A[A[A[A[A[A[A[A[A









                                                     [A[A[A[A[A[A[A[A[A[A










                                                     [A[A[A[A[A[A[A[A[A[A[A











                                                     [A[A[A[A[A[A[A[A[A[A[A[A












                                                     [A[A[A[A[A[A[A[A[A[A[A[A[A
Preparing transaction: ...working... done
Verifying transaction: ...working... done
Executing transaction: ...working... done
#
# To activate this environment, use
#
#     $ conda activate videollava
#
# To deactivate an active environment, use
#
#     $ conda deactivate

usage: conda [-h] [--no-plugins] [-V] COMMAND ...
conda: error: argument COMMAND: invalid choice: 'activate' (choose from 'clean', 'compare', 'config', 'create', 'info', 'init', 'install', 'list', 'notices', 'package', 'remove', 'uninstall', 'rename', 'run', 'search', 'update', 'upgrade', 'build', 'convert', 'debug', 'develop', 'doctor', 'index', 'inspect', 'metapackage', 'render', 'skeleton', 'pack', 'token', 'env', 'content-trust', 'server', 'repo', 'verify')
Defaulting to user installation because normal site-packages is not writeable
Requirement already satisfied: pip in /sw/arch/RHEL8/EB_production/2023/software/Anaconda3/2023.07-2/lib/python3.11/site-packages (23.2.1)
Collecting pip
  Obtaining dependency information for pip from https://files.pythonhosted.org/packages/c9/bc/b7db44f5f39f9d0494071bddae6880eb645970366d0a200022a1a93d57f5/pip-25.0.1-py3-none-any.whl.metadata
  Downloading pip-25.0.1-py3-none-any.whl.metadata (3.7 kB)
Downloading pip-25.0.1-py3-none-any.whl (1.8 MB)
   â”â”â”â”â”â”â”â”â”â”â”â”â”â”â”â”â”â”â”â”â”â”â”â”â”â”â”â”â”â”â”â”â”â”â”â”â”â”â”â” 1.8/1.8 MB 110.6 MB/s eta 0:00:00
Installing collected packages: pip
Successfully installed pip-25.0.1
Defaulting to user installation because normal site-packages is not writeable
Obtaining file:///gpfs/home6/scur2675/TempCompass/Video-LLaVA
  Installing build dependencies: started
  Installing build dependencies: finished with status 'done'
  Checking if build backend supports build_editable: started
  Checking if build backend supports build_editable: finished with status 'done'
  Getting requirements to build editable: started
  Getting requirements to build editable: finished with status 'done'
  Preparing editable metadata (pyproject.toml): started
  Preparing editable metadata (pyproject.toml): finished with status 'done'
Requirement already satisfied: torch==2.0.1 in /sw/arch/RHEL8/EB_production/2023/software/Anaconda3/2023.07-2/lib/python3.11/site-packages (from videollava==1.0.0) (2.0.1)
Collecting torchvision==0.15.2 (from videollava==1.0.0)
  Downloading torchvision-0.15.2-cp311-cp311-manylinux1_x86_64.whl.metadata (11 kB)
Collecting transformers==4.31.0 (from videollava==1.0.0)
  Downloading transformers-4.31.0-py3-none-any.whl.metadata (116 kB)
Requirement already satisfied: tokenizers<0.14,>=0.12.1 in /sw/arch/RHEL8/EB_production/2023/software/Anaconda3/2023.07-2/lib/python3.11/site-packages (from videollava==1.0.0) (0.13.2)
Collecting sentencepiece==0.1.99 (from videollava==1.0.0)
  Downloading sentencepiece-0.1.99-cp311-cp311-manylinux_2_17_x86_64.manylinux2014_x86_64.whl.metadata (7.7 kB)
Collecting shortuuid (from videollava==1.0.0)
  Downloading shortuuid-1.0.13-py3-none-any.whl.metadata (5.8 kB)
Collecting accelerate==0.21.0 (from videollava==1.0.0)
  Downloading accelerate-0.21.0-py3-none-any.whl.metadata (17 kB)
Collecting peft==0.4.0 (from videollava==1.0.0)
  Downloading peft-0.4.0-py3-none-any.whl.metadata (21 kB)
Collecting bitsandbytes==0.41.0 (from videollava==1.0.0)
  Downloading bitsandbytes-0.41.0-py3-none-any.whl.metadata (9.8 kB)
Collecting pydantic<2,>=1 (from videollava==1.0.0)
  Downloading pydantic-1.10.21-cp311-cp311-manylinux_2_17_x86_64.manylinux2014_x86_64.whl.metadata (153 kB)
Collecting markdown2[all] (from videollava==1.0.0)
  Downloading markdown2-2.5.3-py3-none-any.whl.metadata (2.1 kB)
Requirement already satisfied: numpy in /sw/arch/RHEL8/EB_production/2023/software/Anaconda3/2023.07-2/lib/python3.11/site-packages (from videollava==1.0.0) (1.24.3)
Collecting scikit-learn==1.2.2 (from videollava==1.0.0)
  Downloading scikit_learn-1.2.2-cp311-cp311-manylinux_2_17_x86_64.manylinux2014_x86_64.whl.metadata (11 kB)
Requirement already satisfied: requests in /sw/arch/RHEL8/EB_production/2023/software/Anaconda3/2023.07-2/lib/python3.11/site-packages (from videollava==1.0.0) (2.31.0)
Collecting httpx==0.24.0 (from videollava==1.0.0)
  Downloading httpx-0.24.0-py3-none-any.whl.metadata (8.1 kB)
Collecting uvicorn (from videollava==1.0.0)
  Downloading uvicorn-0.34.2-py3-none-any.whl.metadata (6.5 kB)
Collecting fastapi (from videollava==1.0.0)
  Downloading fastapi-0.115.12-py3-none-any.whl.metadata (27 kB)
Collecting einops==0.6.1 (from videollava==1.0.0)
  Downloading einops-0.6.1-py3-none-any.whl.metadata (12 kB)
Collecting einops-exts==0.0.4 (from videollava==1.0.0)
  Downloading einops_exts-0.0.4-py3-none-any.whl.metadata (621 bytes)
Collecting timm==0.6.13 (from videollava==1.0.0)
  Downloading timm-0.6.13-py3-none-any.whl.metadata (38 kB)
Collecting tensorboardX==2.6.2.2 (from videollava==1.0.0)
  Downloading tensorboardX-2.6.2.2-py2.py3-none-any.whl.metadata (5.8 kB)
Collecting gradio==3.37.0 (from videollava==1.0.0)
  Downloading gradio-3.37.0-py3-none-any.whl.metadata (17 kB)
Collecting gradio_client==0.7.0 (from videollava==1.0.0)
  Downloading gradio_client-0.7.0-py3-none-any.whl.metadata (7.1 kB)
Requirement already satisfied: packaging>=20.0 in /sw/arch/RHEL8/EB_production/2023/software/Anaconda3/2023.07-2/lib/python3.11/site-packages (from accelerate==0.21.0->videollava==1.0.0) (23.0)
Requirement already satisfied: psutil in /sw/arch/RHEL8/EB_production/2023/software/Anaconda3/2023.07-2/lib/python3.11/site-packages (from accelerate==0.21.0->videollava==1.0.0) (5.9.0)
Requirement already satisfied: pyyaml in /sw/arch/RHEL8/EB_production/2023/software/Anaconda3/2023.07-2/lib/python3.11/site-packages (from accelerate==0.21.0->videollava==1.0.0) (6.0)
Requirement already satisfied: aiofiles<24.0,>=22.0 in /sw/arch/RHEL8/EB_production/2023/software/Anaconda3/2023.07-2/lib/python3.11/site-packages (from gradio==3.37.0->videollava==1.0.0) (22.1.0)
Requirement already satisfied: aiohttp~=3.0 in /sw/arch/RHEL8/EB_production/2023/software/Anaconda3/2023.07-2/lib/python3.11/site-packages (from gradio==3.37.0->videollava==1.0.0) (3.8.3)
Collecting altair<6.0,>=4.2.0 (from gradio==3.37.0->videollava==1.0.0)
  Downloading altair-5.5.0-py3-none-any.whl.metadata (11 kB)
Collecting ffmpy (from gradio==3.37.0->videollava==1.0.0)
  Downloading ffmpy-0.5.0-py3-none-any.whl.metadata (3.0 kB)
Requirement already satisfied: huggingface-hub>=0.14.0 in /sw/arch/RHEL8/EB_production/2023/software/Anaconda3/2023.07-2/lib/python3.11/site-packages (from gradio==3.37.0->videollava==1.0.0) (0.15.1)
Requirement already satisfied: jinja2<4.0 in /sw/arch/RHEL8/EB_production/2023/software/Anaconda3/2023.07-2/lib/python3.11/site-packages (from gradio==3.37.0->videollava==1.0.0) (3.1.2)
Requirement already satisfied: markdown-it-py>=2.0.0 in /sw/arch/RHEL8/EB_production/2023/software/Anaconda3/2023.07-2/lib/python3.11/site-packages (from markdown-it-py[linkify]>=2.0.0->gradio==3.37.0->videollava==1.0.0) (2.2.0)
Requirement already satisfied: markupsafe~=2.0 in /sw/arch/RHEL8/EB_production/2023/software/Anaconda3/2023.07-2/lib/python3.11/site-packages (from gradio==3.37.0->videollava==1.0.0) (2.1.1)
Requirement already satisfied: matplotlib~=3.0 in /sw/arch/RHEL8/EB_production/2023/software/Anaconda3/2023.07-2/lib/python3.11/site-packages (from gradio==3.37.0->videollava==1.0.0) (3.7.1)
Requirement already satisfied: mdit-py-plugins<=0.3.3 in /sw/arch/RHEL8/EB_production/2023/software/Anaconda3/2023.07-2/lib/python3.11/site-packages (from gradio==3.37.0->videollava==1.0.0) (0.3.0)
Collecting orjson~=3.0 (from gradio==3.37.0->videollava==1.0.0)
  Downloading orjson-3.10.16-cp311-cp311-manylinux_2_17_x86_64.manylinux2014_x86_64.whl.metadata (41 kB)
Requirement already satisfied: pandas<3.0,>=1.0 in /sw/arch/RHEL8/EB_production/2023/software/Anaconda3/2023.07-2/lib/python3.11/site-packages (from gradio==3.37.0->videollava==1.0.0) (1.5.3)
Requirement already satisfied: pillow<11.0,>=8.0 in /sw/arch/RHEL8/EB_production/2023/software/Anaconda3/2023.07-2/lib/python3.11/site-packages (from gradio==3.37.0->videollava==1.0.0) (9.4.0)
Collecting pydub (from gradio==3.37.0->videollava==1.0.0)
  Downloading pydub-0.25.1-py2.py3-none-any.whl.metadata (1.4 kB)
Collecting python-multipart (from gradio==3.37.0->videollava==1.0.0)
  Downloading python_multipart-0.0.20-py3-none-any.whl.metadata (1.8 kB)
Collecting semantic-version~=2.0 (from gradio==3.37.0->videollava==1.0.0)
  Downloading semantic_version-2.10.0-py2.py3-none-any.whl.metadata (9.7 kB)
Requirement already satisfied: typing-extensions~=4.0 in /sw/arch/RHEL8/EB_production/2023/software/Anaconda3/2023.07-2/lib/python3.11/site-packages (from gradio==3.37.0->videollava==1.0.0) (4.7.1)
Collecting websockets<12.0,>=10.0 (from gradio==3.37.0->videollava==1.0.0)
  Downloading websockets-11.0.3-cp311-cp311-manylinux_2_5_x86_64.manylinux1_x86_64.manylinux_2_17_x86_64.manylinux2014_x86_64.whl.metadata (6.6 kB)
Requirement already satisfied: fsspec in /sw/arch/RHEL8/EB_production/2023/software/Anaconda3/2023.07-2/lib/python3.11/site-packages (from gradio_client==0.7.0->videollava==1.0.0) (2023.4.0)
Requirement already satisfied: certifi in /sw/arch/RHEL8/EB_production/2023/software/Anaconda3/2023.07-2/lib/python3.11/site-packages (from httpx==0.24.0->videollava==1.0.0) (2023.7.22)
Collecting httpcore<0.18.0,>=0.15.0 (from httpx==0.24.0->videollava==1.0.0)
  Downloading httpcore-0.17.3-py3-none-any.whl.metadata (18 kB)
Requirement already satisfied: idna in /sw/arch/RHEL8/EB_production/2023/software/Anaconda3/2023.07-2/lib/python3.11/site-packages (from httpx==0.24.0->videollava==1.0.0) (3.4)
Requirement already satisfied: sniffio in /sw/arch/RHEL8/EB_production/2023/software/Anaconda3/2023.07-2/lib/python3.11/site-packages (from httpx==0.24.0->videollava==1.0.0) (1.2.0)
Collecting safetensors (from peft==0.4.0->videollava==1.0.0)
  Downloading safetensors-0.5.3-cp38-abi3-manylinux_2_17_x86_64.manylinux2014_x86_64.whl.metadata (3.8 kB)
Requirement already satisfied: scipy>=1.3.2 in /sw/arch/RHEL8/EB_production/2023/software/Anaconda3/2023.07-2/lib/python3.11/site-packages (from scikit-learn==1.2.2->videollava==1.0.0) (1.10.1)
Requirement already satisfied: joblib>=1.1.1 in /sw/arch/RHEL8/EB_production/2023/software/Anaconda3/2023.07-2/lib/python3.11/site-packages (from scikit-learn==1.2.2->videollava==1.0.0) (1.2.0)
Requirement already satisfied: threadpoolctl>=2.0.0 in /sw/arch/RHEL8/EB_production/2023/software/Anaconda3/2023.07-2/lib/python3.11/site-packages (from scikit-learn==1.2.2->videollava==1.0.0) (2.2.0)
Collecting protobuf>=3.20 (from tensorboardX==2.6.2.2->videollava==1.0.0)
  Downloading protobuf-6.30.2-cp39-abi3-manylinux2014_x86_64.whl.metadata (593 bytes)
Requirement already satisfied: filelock in /sw/arch/RHEL8/EB_production/2023/software/Anaconda3/2023.07-2/lib/python3.11/site-packages (from torch==2.0.1->videollava==1.0.0) (3.9.0)
Requirement already satisfied: sympy in /sw/arch/RHEL8/EB_production/2023/software/Anaconda3/2023.07-2/lib/python3.11/site-packages (from torch==2.0.1->videollava==1.0.0) (1.11.1)
Requirement already satisfied: networkx in /sw/arch/RHEL8/EB_production/2023/software/Anaconda3/2023.07-2/lib/python3.11/site-packages (from torch==2.0.1->videollava==1.0.0) (3.1)
Requirement already satisfied: regex!=2019.12.17 in /sw/arch/RHEL8/EB_production/2023/software/Anaconda3/2023.07-2/lib/python3.11/site-packages (from transformers==4.31.0->videollava==1.0.0) (2022.7.9)
Requirement already satisfied: tqdm>=4.27 in /sw/arch/RHEL8/EB_production/2023/software/Anaconda3/2023.07-2/lib/python3.11/site-packages (from transformers==4.31.0->videollava==1.0.0) (4.65.0)
Requirement already satisfied: charset-normalizer<4,>=2 in /sw/arch/RHEL8/EB_production/2023/software/Anaconda3/2023.07-2/lib/python3.11/site-packages (from requests->videollava==1.0.0) (2.0.4)
Requirement already satisfied: urllib3<3,>=1.21.1 in /sw/arch/RHEL8/EB_production/2023/software/Anaconda3/2023.07-2/lib/python3.11/site-packages (from requests->videollava==1.0.0) (1.26.16)
Requirement already satisfied: click>=7.0 in /sw/arch/RHEL8/EB_production/2023/software/Anaconda3/2023.07-2/lib/python3.11/site-packages (from uvicorn->videollava==1.0.0) (8.0.4)
Collecting h11>=0.8 (from uvicorn->videollava==1.0.0)
  Downloading h11-0.16.0-py3-none-any.whl.metadata (8.3 kB)
Collecting starlette<0.47.0,>=0.40.0 (from fastapi->videollava==1.0.0)
  Downloading starlette-0.46.2-py3-none-any.whl.metadata (6.2 kB)
Collecting typing-extensions~=4.0 (from gradio==3.37.0->videollava==1.0.0)
  Downloading typing_extensions-4.13.2-py3-none-any.whl.metadata (3.0 kB)
Requirement already satisfied: pygments>=2.7.3 in /sw/arch/RHEL8/EB_production/2023/software/Anaconda3/2023.07-2/lib/python3.11/site-packages (from markdown2[all]->videollava==1.0.0) (2.15.1)
Collecting wavedrom (from markdown2[all]->videollava==1.0.0)
  Downloading wavedrom-2.0.3.post3.tar.gz (137 kB)
  Preparing metadata (setup.py): started
  Preparing metadata (setup.py): finished with status 'done'
Collecting latex2mathml (from markdown2[all]->videollava==1.0.0)
  Downloading latex2mathml-3.77.0-py3-none-any.whl.metadata (14 kB)
Requirement already satisfied: attrs>=17.3.0 in /sw/arch/RHEL8/EB_production/2023/software/Anaconda3/2023.07-2/lib/python3.11/site-packages (from aiohttp~=3.0->gradio==3.37.0->videollava==1.0.0) (22.1.0)
Requirement already satisfied: multidict<7.0,>=4.5 in /sw/arch/RHEL8/EB_production/2023/software/Anaconda3/2023.07-2/lib/python3.11/site-packages (from aiohttp~=3.0->gradio==3.37.0->videollava==1.0.0) (6.0.2)
Requirement already satisfied: async-timeout<5.0,>=4.0.0a3 in /sw/arch/RHEL8/EB_production/2023/software/Anaconda3/2023.07-2/lib/python3.11/site-packages (from aiohttp~=3.0->gradio==3.37.0->videollava==1.0.0) (4.0.2)
Requirement already satisfied: yarl<2.0,>=1.0 in /sw/arch/RHEL8/EB_production/2023/software/Anaconda3/2023.07-2/lib/python3.11/site-packages (from aiohttp~=3.0->gradio==3.37.0->videollava==1.0.0) (1.8.1)
Requirement already satisfied: frozenlist>=1.1.1 in /sw/arch/RHEL8/EB_production/2023/software/Anaconda3/2023.07-2/lib/python3.11/site-packages (from aiohttp~=3.0->gradio==3.37.0->videollava==1.0.0) (1.3.3)
Requirement already satisfied: aiosignal>=1.1.2 in /sw/arch/RHEL8/EB_production/2023/software/Anaconda3/2023.07-2/lib/python3.11/site-packages (from aiohttp~=3.0->gradio==3.37.0->videollava==1.0.0) (1.2.0)
Requirement already satisfied: jsonschema>=3.0 in /sw/arch/RHEL8/EB_production/2023/software/Anaconda3/2023.07-2/lib/python3.11/site-packages (from altair<6.0,>=4.2.0->gradio==3.37.0->videollava==1.0.0) (4.17.3)
Collecting narwhals>=1.14.2 (from altair<6.0,>=4.2.0->gradio==3.37.0->videollava==1.0.0)
  Downloading narwhals-1.36.0-py3-none-any.whl.metadata (9.2 kB)
Collecting h11>=0.8 (from uvicorn->videollava==1.0.0)
  Downloading h11-0.14.0-py3-none-any.whl.metadata (8.2 kB)
Requirement already satisfied: anyio<5.0,>=3.0 in /sw/arch/RHEL8/EB_production/2023/software/Anaconda3/2023.07-2/lib/python3.11/site-packages (from httpcore<0.18.0,>=0.15.0->httpx==0.24.0->videollava==1.0.0) (3.5.0)
Requirement already satisfied: mdurl~=0.1 in /sw/arch/RHEL8/EB_production/2023/software/Anaconda3/2023.07-2/lib/python3.11/site-packages (from markdown-it-py>=2.0.0->markdown-it-py[linkify]>=2.0.0->gradio==3.37.0->videollava==1.0.0) (0.1.0)
Requirement already satisfied: linkify-it-py<3,>=1 in /sw/arch/RHEL8/EB_production/2023/software/Anaconda3/2023.07-2/lib/python3.11/site-packages (from markdown-it-py[linkify]>=2.0.0->gradio==3.37.0->videollava==1.0.0) (2.0.0)
Requirement already satisfied: contourpy>=1.0.1 in /sw/arch/RHEL8/EB_production/2023/software/Anaconda3/2023.07-2/lib/python3.11/site-packages (from matplotlib~=3.0->gradio==3.37.0->videollava==1.0.0) (1.0.5)
Requirement already satisfied: cycler>=0.10 in /sw/arch/RHEL8/EB_production/2023/software/Anaconda3/2023.07-2/lib/python3.11/site-packages (from matplotlib~=3.0->gradio==3.37.0->videollava==1.0.0) (0.11.0)
Requirement already satisfied: fonttools>=4.22.0 in /sw/arch/RHEL8/EB_production/2023/software/Anaconda3/2023.07-2/lib/python3.11/site-packages (from matplotlib~=3.0->gradio==3.37.0->videollava==1.0.0) (4.25.0)
Requirement already satisfied: kiwisolver>=1.0.1 in /sw/arch/RHEL8/EB_production/2023/software/Anaconda3/2023.07-2/lib/python3.11/site-packages (from matplotlib~=3.0->gradio==3.37.0->videollava==1.0.0) (1.4.4)
Requirement already satisfied: pyparsing>=2.3.1 in /sw/arch/RHEL8/EB_production/2023/software/Anaconda3/2023.07-2/lib/python3.11/site-packages (from matplotlib~=3.0->gradio==3.37.0->videollava==1.0.0) (3.0.9)
Requirement already satisfied: python-dateutil>=2.7 in /sw/arch/RHEL8/EB_production/2023/software/Anaconda3/2023.07-2/lib/python3.11/site-packages (from matplotlib~=3.0->gradio==3.37.0->videollava==1.0.0) (2.8.2)
Requirement already satisfied: pytz>=2020.1 in /sw/arch/RHEL8/EB_production/2023/software/Anaconda3/2023.07-2/lib/python3.11/site-packages (from pandas<3.0,>=1.0->gradio==3.37.0->videollava==1.0.0) (2022.7)
Collecting anyio<5.0,>=3.0 (from httpcore<0.18.0,>=0.15.0->httpx==0.24.0->videollava==1.0.0)
  Downloading anyio-4.9.0-py3-none-any.whl.metadata (4.7 kB)
Requirement already satisfied: mpmath>=0.19 in /sw/arch/RHEL8/EB_production/2023/software/Anaconda3/2023.07-2/lib/python3.11/site-packages (from sympy->torch==2.0.1->videollava==1.0.0) (1.3.0)
Collecting svgwrite (from wavedrom->markdown2[all]->videollava==1.0.0)
  Downloading svgwrite-1.4.3-py3-none-any.whl.metadata (8.8 kB)
Requirement already satisfied: six in /sw/arch/RHEL8/EB_production/2023/software/Anaconda3/2023.07-2/lib/python3.11/site-packages (from wavedrom->markdown2[all]->videollava==1.0.0) (1.16.0)
Requirement already satisfied: pyrsistent!=0.17.0,!=0.17.1,!=0.17.2,>=0.14.0 in /sw/arch/RHEL8/EB_production/2023/software/Anaconda3/2023.07-2/lib/python3.11/site-packages (from jsonschema>=3.0->altair<6.0,>=4.2.0->gradio==3.37.0->videollava==1.0.0) (0.18.0)
Requirement already satisfied: uc-micro-py in /sw/arch/RHEL8/EB_production/2023/software/Anaconda3/2023.07-2/lib/python3.11/site-packages (from linkify-it-py<3,>=1->markdown-it-py[linkify]>=2.0.0->gradio==3.37.0->videollava==1.0.0) (1.0.1)
Downloading accelerate-0.21.0-py3-none-any.whl (244 kB)
Downloading bitsandbytes-0.41.0-py3-none-any.whl (92.6 MB)
   â”â”â”â”â”â”â”â”â”â”â”â”â”â”â”â”â”â”â”â”â”â”â”â”â”â”â”â”â”â”â”â”â”â”â”â”â”â”â”â” 92.6/92.6 MB 133.5 MB/s eta 0:00:00
Downloading einops-0.6.1-py3-none-any.whl (42 kB)
Downloading einops_exts-0.0.4-py3-none-any.whl (3.9 kB)
Downloading gradio-3.37.0-py3-none-any.whl (19.8 MB)
   â”â”â”â”â”â”â”â”â”â”â”â”â”â”â”â”â”â”â”â”â”â”â”â”â”â”â”â”â”â”â”â”â”â”â”â”â”â”â”â” 19.8/19.8 MB 99.6 MB/s eta 0:00:00
Downloading gradio_client-0.7.0-py3-none-any.whl (302 kB)
Downloading httpx-0.24.0-py3-none-any.whl (75 kB)
Downloading peft-0.4.0-py3-none-any.whl (72 kB)
Downloading scikit_learn-1.2.2-cp311-cp311-manylinux_2_17_x86_64.manylinux2014_x86_64.whl (9.6 MB)
   â”â”â”â”â”â”â”â”â”â”â”â”â”â”â”â”â”â”â”â”â”â”â”â”â”â”â”â”â”â”â”â”â”â”â”â”â”â”â”â” 9.6/9.6 MB 210.8 MB/s eta 0:00:00
Downloading sentencepiece-0.1.99-cp311-cp311-manylinux_2_17_x86_64.manylinux2014_x86_64.whl (1.3 MB)
   â”â”â”â”â”â”â”â”â”â”â”â”â”â”â”â”â”â”â”â”â”â”â”â”â”â”â”â”â”â”â”â”â”â”â”â”â”â”â”â” 1.3/1.3 MB 85.6 MB/s eta 0:00:00
Downloading tensorboardX-2.6.2.2-py2.py3-none-any.whl (101 kB)
Downloading timm-0.6.13-py3-none-any.whl (549 kB)
   â”â”â”â”â”â”â”â”â”â”â”â”â”â”â”â”â”â”â”â”â”â”â”â”â”â”â”â”â”â”â”â”â”â”â”â”â”â”â”â” 549.1/549.1 kB 39.6 MB/s eta 0:00:00
Downloading torchvision-0.15.2-cp311-cp311-manylinux1_x86_64.whl (6.0 MB)
   â”â”â”â”â”â”â”â”â”â”â”â”â”â”â”â”â”â”â”â”â”â”â”â”â”â”â”â”â”â”â”â”â”â”â”â”â”â”â”â” 6.0/6.0 MB 139.0 MB/s eta 0:00:00
Downloading transformers-4.31.0-py3-none-any.whl (7.4 MB)
   â”â”â”â”â”â”â”â”â”â”â”â”â”â”â”â”â”â”â”â”â”â”â”â”â”â”â”â”â”â”â”â”â”â”â”â”â”â”â”â” 7.4/7.4 MB 148.2 MB/s eta 0:00:00
Downloading pydantic-1.10.21-cp311-cp311-manylinux_2_17_x86_64.manylinux2014_x86_64.whl (3.1 MB)
   â”â”â”â”â”â”â”â”â”â”â”â”â”â”â”â”â”â”â”â”â”â”â”â”â”â”â”â”â”â”â”â”â”â”â”â”â”â”â”â” 3.1/3.1 MB 162.2 MB/s eta 0:00:00
Downloading uvicorn-0.34.2-py3-none-any.whl (62 kB)
Downloading fastapi-0.115.12-py3-none-any.whl (95 kB)
Downloading shortuuid-1.0.13-py3-none-any.whl (10 kB)
Downloading altair-5.5.0-py3-none-any.whl (731 kB)
   â”â”â”â”â”â”â”â”â”â”â”â”â”â”â”â”â”â”â”â”â”â”â”â”â”â”â”â”â”â”â”â”â”â”â”â”â”â”â”â” 731.2/731.2 kB 67.8 MB/s eta 0:00:00
Downloading httpcore-0.17.3-py3-none-any.whl (74 kB)
Downloading h11-0.14.0-py3-none-any.whl (58 kB)
Downloading orjson-3.10.16-cp311-cp311-manylinux_2_17_x86_64.manylinux2014_x86_64.whl (132 kB)
Downloading protobuf-6.30.2-cp39-abi3-manylinux2014_x86_64.whl (316 kB)
Downloading safetensors-0.5.3-cp38-abi3-manylinux_2_17_x86_64.manylinux2014_x86_64.whl (471 kB)
Downloading semantic_version-2.10.0-py2.py3-none-any.whl (15 kB)
Downloading starlette-0.46.2-py3-none-any.whl (72 kB)
Downloading typing_extensions-4.13.2-py3-none-any.whl (45 kB)
Downloading websockets-11.0.3-cp311-cp311-manylinux_2_5_x86_64.manylinux1_x86_64.manylinux_2_17_x86_64.manylinux2014_x86_64.whl (130 kB)
Downloading ffmpy-0.5.0-py3-none-any.whl (6.0 kB)
Downloading latex2mathml-3.77.0-py3-none-any.whl (73 kB)
Downloading markdown2-2.5.3-py3-none-any.whl (48 kB)
Downloading pydub-0.25.1-py2.py3-none-any.whl (32 kB)
Downloading python_multipart-0.0.20-py3-none-any.whl (24 kB)
Downloading anyio-4.9.0-py3-none-any.whl (100 kB)
Downloading narwhals-1.36.0-py3-none-any.whl (331 kB)
Downloading svgwrite-1.4.3-py3-none-any.whl (67 kB)
Building wheels for collected packages: videollava, wavedrom
  Building editable for videollava (pyproject.toml): started
  Building editable for videollava (pyproject.toml): finished with status 'done'
  Created wheel for videollava: filename=videollava-1.0.0-0.editable-py3-none-any.whl size=14138 sha256=168ed5a7ae6c06b1331718e7d3d5cb4c388664cb379c482937c7dbe09d7728f2
  Stored in directory: /gpfs/scratch1/nodespecific/gcn54/scur2675.11363663/pip-ephem-wheel-cache-1v2ht0ca/wheels/9c/c3/5e/cefe51985acbf7dc08979dd48fb87461f2d1b7d1da6e955bf8
  Building wheel for wavedrom (setup.py): started
  Building wheel for wavedrom (setup.py): finished with status 'done'
  Created wheel for wavedrom: filename=wavedrom-2.0.3.post3-py2.py3-none-any.whl size=30085 sha256=b4f5c663053368d3fdda96a1cbf329b4051955d08df17deaf87bf837eb485559
  Stored in directory: /gpfs/home6/scur2675/.cache/pip/wheels/23/cf/3b/4dcf6b22fa41c5ece715fa5f4e05afd683e7b0ce0f2fcc7bb6
Successfully built videollava wavedrom
Installing collected packages: sentencepiece, pydub, bitsandbytes, websockets, typing-extensions, svgwrite, shortuuid, semantic-version, safetensors, python-multipart, protobuf, orjson, narwhals, markdown2, latex2mathml, h11, ffmpy, einops, wavedrom, uvicorn, tensorboardX, scikit-learn, pydantic, einops-exts, anyio, altair, transformers, torchvision, starlette, httpcore, accelerate, timm, peft, httpx, fastapi, gradio_client, gradio, videollava
ERROR: pip's dependency resolver does not currently take into account all the packages that are installed. This behaviour is the source of the following dependency conflicts.
jupyter-server 1.23.4 requires anyio<4,>=3.1.0, but you have anyio 4.9.0 which is incompatible.
Successfully installed accelerate-0.21.0 altair-5.5.0 anyio-4.9.0 bitsandbytes-0.41.0 einops-0.6.1 einops-exts-0.0.4 fastapi-0.115.12 ffmpy-0.5.0 gradio-3.37.0 gradio_client-0.7.0 h11-0.14.0 httpcore-0.17.3 httpx-0.24.0 latex2mathml-3.77.0 markdown2-2.5.3 narwhals-1.36.0 orjson-3.10.16 peft-0.4.0 protobuf-6.30.2 pydantic-1.10.21 pydub-0.25.1 python-multipart-0.0.20 safetensors-0.5.3 scikit-learn-1.2.2 semantic-version-2.10.0 sentencepiece-0.1.99 shortuuid-1.0.13 starlette-0.46.2 svgwrite-1.4.3 tensorboardX-2.6.2.2 timm-0.6.13 torchvision-0.15.2 transformers-4.31.0 typing-extensions-4.13.2 uvicorn-0.34.2 videollava-1.0.0 wavedrom-2.0.3.post3 websockets-11.0.3
Defaulting to user installation because normal site-packages is not writeable
Obtaining file:///gpfs/home6/scur2675/TempCompass/Video-LLaVA
  Installing build dependencies: started
  Installing build dependencies: finished with status 'done'
  Checking if build backend supports build_editable: started
  Checking if build backend supports build_editable: finished with status 'done'
  Getting requirements to build editable: started
  Getting requirements to build editable: finished with status 'done'
  Preparing editable metadata (pyproject.toml): started
  Preparing editable metadata (pyproject.toml): finished with status 'done'
Requirement already satisfied: torch==2.0.1 in /sw/arch/RHEL8/EB_production/2023/software/Anaconda3/2023.07-2/lib/python3.11/site-packages (from videollava==1.0.0) (2.0.1)
Requirement already satisfied: torchvision==0.15.2 in /home/scur2675/.local/lib/python3.11/site-packages (from videollava==1.0.0) (0.15.2)
Requirement already satisfied: transformers==4.31.0 in /home/scur2675/.local/lib/python3.11/site-packages (from videollava==1.0.0) (4.31.0)
Requirement already satisfied: tokenizers<0.14,>=0.12.1 in /sw/arch/RHEL8/EB_production/2023/software/Anaconda3/2023.07-2/lib/python3.11/site-packages (from videollava==1.0.0) (0.13.2)
Requirement already satisfied: sentencepiece==0.1.99 in /home/scur2675/.local/lib/python3.11/site-packages (from videollava==1.0.0) (0.1.99)
Requirement already satisfied: shortuuid in /home/scur2675/.local/lib/python3.11/site-packages (from videollava==1.0.0) (1.0.13)
Requirement already satisfied: accelerate==0.21.0 in /home/scur2675/.local/lib/python3.11/site-packages (from videollava==1.0.0) (0.21.0)
Requirement already satisfied: peft==0.4.0 in /home/scur2675/.local/lib/python3.11/site-packages (from videollava==1.0.0) (0.4.0)
Requirement already satisfied: bitsandbytes==0.41.0 in /home/scur2675/.local/lib/python3.11/site-packages (from videollava==1.0.0) (0.41.0)
Requirement already satisfied: pydantic<2,>=1 in /home/scur2675/.local/lib/python3.11/site-packages (from videollava==1.0.0) (1.10.21)
Requirement already satisfied: markdown2[all] in /home/scur2675/.local/lib/python3.11/site-packages (from videollava==1.0.0) (2.5.3)
Requirement already satisfied: numpy in /sw/arch/RHEL8/EB_production/2023/software/Anaconda3/2023.07-2/lib/python3.11/site-packages (from videollava==1.0.0) (1.24.3)
Requirement already satisfied: scikit-learn==1.2.2 in /home/scur2675/.local/lib/python3.11/site-packages (from videollava==1.0.0) (1.2.2)
Requirement already satisfied: requests in /sw/arch/RHEL8/EB_production/2023/software/Anaconda3/2023.07-2/lib/python3.11/site-packages (from videollava==1.0.0) (2.31.0)
Requirement already satisfied: httpx==0.24.0 in /home/scur2675/.local/lib/python3.11/site-packages (from videollava==1.0.0) (0.24.0)
Requirement already satisfied: uvicorn in /home/scur2675/.local/lib/python3.11/site-packages (from videollava==1.0.0) (0.34.2)
Requirement already satisfied: fastapi in /home/scur2675/.local/lib/python3.11/site-packages (from videollava==1.0.0) (0.115.12)
Requirement already satisfied: einops==0.6.1 in /home/scur2675/.local/lib/python3.11/site-packages (from videollava==1.0.0) (0.6.1)
Requirement already satisfied: einops-exts==0.0.4 in /home/scur2675/.local/lib/python3.11/site-packages (from videollava==1.0.0) (0.0.4)
Requirement already satisfied: timm==0.6.13 in /home/scur2675/.local/lib/python3.11/site-packages (from videollava==1.0.0) (0.6.13)
Requirement already satisfied: tensorboardX==2.6.2.2 in /home/scur2675/.local/lib/python3.11/site-packages (from videollava==1.0.0) (2.6.2.2)
Requirement already satisfied: gradio==3.37.0 in /home/scur2675/.local/lib/python3.11/site-packages (from videollava==1.0.0) (3.37.0)
Requirement already satisfied: gradio_client==0.7.0 in /home/scur2675/.local/lib/python3.11/site-packages (from videollava==1.0.0) (0.7.0)
Requirement already satisfied: packaging>=20.0 in /sw/arch/RHEL8/EB_production/2023/software/Anaconda3/2023.07-2/lib/python3.11/site-packages (from accelerate==0.21.0->videollava==1.0.0) (23.0)
Requirement already satisfied: psutil in /sw/arch/RHEL8/EB_production/2023/software/Anaconda3/2023.07-2/lib/python3.11/site-packages (from accelerate==0.21.0->videollava==1.0.0) (5.9.0)
Requirement already satisfied: pyyaml in /sw/arch/RHEL8/EB_production/2023/software/Anaconda3/2023.07-2/lib/python3.11/site-packages (from accelerate==0.21.0->videollava==1.0.0) (6.0)
Requirement already satisfied: aiofiles<24.0,>=22.0 in /sw/arch/RHEL8/EB_production/2023/software/Anaconda3/2023.07-2/lib/python3.11/site-packages (from gradio==3.37.0->videollava==1.0.0) (22.1.0)
Requirement already satisfied: aiohttp~=3.0 in /sw/arch/RHEL8/EB_production/2023/software/Anaconda3/2023.07-2/lib/python3.11/site-packages (from gradio==3.37.0->videollava==1.0.0) (3.8.3)
Requirement already satisfied: altair<6.0,>=4.2.0 in /home/scur2675/.local/lib/python3.11/site-packages (from gradio==3.37.0->videollava==1.0.0) (5.5.0)
Requirement already satisfied: ffmpy in /home/scur2675/.local/lib/python3.11/site-packages (from gradio==3.37.0->videollava==1.0.0) (0.5.0)
Requirement already satisfied: huggingface-hub>=0.14.0 in /sw/arch/RHEL8/EB_production/2023/software/Anaconda3/2023.07-2/lib/python3.11/site-packages (from gradio==3.37.0->videollava==1.0.0) (0.15.1)
Requirement already satisfied: jinja2<4.0 in /sw/arch/RHEL8/EB_production/2023/software/Anaconda3/2023.07-2/lib/python3.11/site-packages (from gradio==3.37.0->videollava==1.0.0) (3.1.2)
Requirement already satisfied: markdown-it-py>=2.0.0 in /sw/arch/RHEL8/EB_production/2023/software/Anaconda3/2023.07-2/lib/python3.11/site-packages (from markdown-it-py[linkify]>=2.0.0->gradio==3.37.0->videollava==1.0.0) (2.2.0)
Requirement already satisfied: markupsafe~=2.0 in /sw/arch/RHEL8/EB_production/2023/software/Anaconda3/2023.07-2/lib/python3.11/site-packages (from gradio==3.37.0->videollava==1.0.0) (2.1.1)
Requirement already satisfied: matplotlib~=3.0 in /sw/arch/RHEL8/EB_production/2023/software/Anaconda3/2023.07-2/lib/python3.11/site-packages (from gradio==3.37.0->videollava==1.0.0) (3.7.1)
Requirement already satisfied: mdit-py-plugins<=0.3.3 in /sw/arch/RHEL8/EB_production/2023/software/Anaconda3/2023.07-2/lib/python3.11/site-packages (from gradio==3.37.0->videollava==1.0.0) (0.3.0)
Requirement already satisfied: orjson~=3.0 in /home/scur2675/.local/lib/python3.11/site-packages (from gradio==3.37.0->videollava==1.0.0) (3.10.16)
Requirement already satisfied: pandas<3.0,>=1.0 in /sw/arch/RHEL8/EB_production/2023/software/Anaconda3/2023.07-2/lib/python3.11/site-packages (from gradio==3.37.0->videollava==1.0.0) (1.5.3)
Requirement already satisfied: pillow<11.0,>=8.0 in /sw/arch/RHEL8/EB_production/2023/software/Anaconda3/2023.07-2/lib/python3.11/site-packages (from gradio==3.37.0->videollava==1.0.0) (9.4.0)
Requirement already satisfied: pydub in /home/scur2675/.local/lib/python3.11/site-packages (from gradio==3.37.0->videollava==1.0.0) (0.25.1)
Requirement already satisfied: python-multipart in /home/scur2675/.local/lib/python3.11/site-packages (from gradio==3.37.0->videollava==1.0.0) (0.0.20)
Requirement already satisfied: semantic-version~=2.0 in /home/scur2675/.local/lib/python3.11/site-packages (from gradio==3.37.0->videollava==1.0.0) (2.10.0)
Requirement already satisfied: typing-extensions~=4.0 in /home/scur2675/.local/lib/python3.11/site-packages (from gradio==3.37.0->videollava==1.0.0) (4.13.2)
Requirement already satisfied: websockets<12.0,>=10.0 in /home/scur2675/.local/lib/python3.11/site-packages (from gradio==3.37.0->videollava==1.0.0) (11.0.3)
Requirement already satisfied: fsspec in /sw/arch/RHEL8/EB_production/2023/software/Anaconda3/2023.07-2/lib/python3.11/site-packages (from gradio_client==0.7.0->videollava==1.0.0) (2023.4.0)
Requirement already satisfied: certifi in /sw/arch/RHEL8/EB_production/2023/software/Anaconda3/2023.07-2/lib/python3.11/site-packages (from httpx==0.24.0->videollava==1.0.0) (2023.7.22)
Requirement already satisfied: httpcore<0.18.0,>=0.15.0 in /home/scur2675/.local/lib/python3.11/site-packages (from httpx==0.24.0->videollava==1.0.0) (0.17.3)
Requirement already satisfied: idna in /sw/arch/RHEL8/EB_production/2023/software/Anaconda3/2023.07-2/lib/python3.11/site-packages (from httpx==0.24.0->videollava==1.0.0) (3.4)
Requirement already satisfied: sniffio in /sw/arch/RHEL8/EB_production/2023/software/Anaconda3/2023.07-2/lib/python3.11/site-packages (from httpx==0.24.0->videollava==1.0.0) (1.2.0)
Requirement already satisfied: safetensors in /home/scur2675/.local/lib/python3.11/site-packages (from peft==0.4.0->videollava==1.0.0) (0.5.3)
Requirement already satisfied: scipy>=1.3.2 in /sw/arch/RHEL8/EB_production/2023/software/Anaconda3/2023.07-2/lib/python3.11/site-packages (from scikit-learn==1.2.2->videollava==1.0.0) (1.10.1)
Requirement already satisfied: joblib>=1.1.1 in /sw/arch/RHEL8/EB_production/2023/software/Anaconda3/2023.07-2/lib/python3.11/site-packages (from scikit-learn==1.2.2->videollava==1.0.0) (1.2.0)
Requirement already satisfied: threadpoolctl>=2.0.0 in /sw/arch/RHEL8/EB_production/2023/software/Anaconda3/2023.07-2/lib/python3.11/site-packages (from scikit-learn==1.2.2->videollava==1.0.0) (2.2.0)
Requirement already satisfied: protobuf>=3.20 in /home/scur2675/.local/lib/python3.11/site-packages (from tensorboardX==2.6.2.2->videollava==1.0.0) (6.30.2)
Requirement already satisfied: filelock in /sw/arch/RHEL8/EB_production/2023/software/Anaconda3/2023.07-2/lib/python3.11/site-packages (from torch==2.0.1->videollava==1.0.0) (3.9.0)
Requirement already satisfied: sympy in /sw/arch/RHEL8/EB_production/2023/software/Anaconda3/2023.07-2/lib/python3.11/site-packages (from torch==2.0.1->videollava==1.0.0) (1.11.1)
Requirement already satisfied: networkx in /sw/arch/RHEL8/EB_production/2023/software/Anaconda3/2023.07-2/lib/python3.11/site-packages (from torch==2.0.1->videollava==1.0.0) (3.1)
Requirement already satisfied: regex!=2019.12.17 in /sw/arch/RHEL8/EB_production/2023/software/Anaconda3/2023.07-2/lib/python3.11/site-packages (from transformers==4.31.0->videollava==1.0.0) (2022.7.9)
Requirement already satisfied: tqdm>=4.27 in /sw/arch/RHEL8/EB_production/2023/software/Anaconda3/2023.07-2/lib/python3.11/site-packages (from transformers==4.31.0->videollava==1.0.0) (4.65.0)
Collecting deepspeed==0.9.5 (from videollava==1.0.0)
  Downloading deepspeed-0.9.5.tar.gz (809 kB)
     â”â”â”â”â”â”â”â”â”â”â”â”â”â”â”â”â”â”â”â”â”â”â”â”â”â”â”â”â”â”â”â”â”â”â”â”â”â” 809.9/809.9 kB 72.9 MB/s eta 0:00:00
  Preparing metadata (setup.py): started
  Preparing metadata (setup.py): finished with status 'done'
Collecting ninja (from videollava==1.0.0)
  Downloading ninja-1.11.1.4-py3-none-manylinux_2_12_x86_64.manylinux2010_x86_64.whl.metadata (5.0 kB)
Collecting wandb (from videollava==1.0.0)
  Downloading wandb-0.19.10-py3-none-manylinux_2_17_x86_64.manylinux2014_x86_64.whl.metadata (10 kB)
Collecting hjson (from deepspeed==0.9.5->videollava==1.0.0)
  Downloading hjson-3.1.0-py3-none-any.whl.metadata (2.6 kB)
Requirement already satisfied: py-cpuinfo in /sw/arch/RHEL8/EB_production/2023/software/Anaconda3/2023.07-2/lib/python3.11/site-packages (from deepspeed==0.9.5->videollava==1.0.0) (8.0.0)
Requirement already satisfied: charset-normalizer<4,>=2 in /sw/arch/RHEL8/EB_production/2023/software/Anaconda3/2023.07-2/lib/python3.11/site-packages (from requests->videollava==1.0.0) (2.0.4)
Requirement already satisfied: urllib3<3,>=1.21.1 in /sw/arch/RHEL8/EB_production/2023/software/Anaconda3/2023.07-2/lib/python3.11/site-packages (from requests->videollava==1.0.0) (1.26.16)
Requirement already satisfied: click>=7.0 in /sw/arch/RHEL8/EB_production/2023/software/Anaconda3/2023.07-2/lib/python3.11/site-packages (from uvicorn->videollava==1.0.0) (8.0.4)
Requirement already satisfied: h11>=0.8 in /home/scur2675/.local/lib/python3.11/site-packages (from uvicorn->videollava==1.0.0) (0.14.0)
Requirement already satisfied: starlette<0.47.0,>=0.40.0 in /home/scur2675/.local/lib/python3.11/site-packages (from fastapi->videollava==1.0.0) (0.46.2)
Requirement already satisfied: pygments>=2.7.3 in /sw/arch/RHEL8/EB_production/2023/software/Anaconda3/2023.07-2/lib/python3.11/site-packages (from markdown2[all]->videollava==1.0.0) (2.15.1)
Requirement already satisfied: wavedrom in /home/scur2675/.local/lib/python3.11/site-packages (from markdown2[all]->videollava==1.0.0) (2.0.3.post3)
Requirement already satisfied: latex2mathml in /home/scur2675/.local/lib/python3.11/site-packages (from markdown2[all]->videollava==1.0.0) (3.77.0)
Collecting docker-pycreds>=0.4.0 (from wandb->videollava==1.0.0)
  Downloading docker_pycreds-0.4.0-py2.py3-none-any.whl.metadata (1.8 kB)
Collecting gitpython!=3.1.29,>=1.0.0 (from wandb->videollava==1.0.0)
  Downloading GitPython-3.1.44-py3-none-any.whl.metadata (13 kB)
Requirement already satisfied: platformdirs in /sw/arch/RHEL8/EB_production/2023/software/Anaconda3/2023.07-2/lib/python3.11/site-packages (from wandb->videollava==1.0.0) (2.5.2)
Collecting sentry-sdk>=2.0.0 (from wandb->videollava==1.0.0)
  Downloading sentry_sdk-2.27.0-py2.py3-none-any.whl.metadata (10 kB)
Collecting setproctitle (from wandb->videollava==1.0.0)
  Downloading setproctitle-1.3.5-cp311-cp311-manylinux_2_5_x86_64.manylinux1_x86_64.manylinux_2_17_x86_64.manylinux2014_x86_64.whl.metadata (10 kB)
Requirement already satisfied: setuptools in /sw/arch/RHEL8/EB_production/2023/software/Anaconda3/2023.07-2/lib/python3.11/site-packages (from wandb->videollava==1.0.0) (68.0.0)
Requirement already satisfied: attrs>=17.3.0 in /sw/arch/RHEL8/EB_production/2023/software/Anaconda3/2023.07-2/lib/python3.11/site-packages (from aiohttp~=3.0->gradio==3.37.0->videollava==1.0.0) (22.1.0)
Requirement already satisfied: multidict<7.0,>=4.5 in /sw/arch/RHEL8/EB_production/2023/software/Anaconda3/2023.07-2/lib/python3.11/site-packages (from aiohttp~=3.0->gradio==3.37.0->videollava==1.0.0) (6.0.2)
Requirement already satisfied: async-timeout<5.0,>=4.0.0a3 in /sw/arch/RHEL8/EB_production/2023/software/Anaconda3/2023.07-2/lib/python3.11/site-packages (from aiohttp~=3.0->gradio==3.37.0->videollava==1.0.0) (4.0.2)
Requirement already satisfied: yarl<2.0,>=1.0 in /sw/arch/RHEL8/EB_production/2023/software/Anaconda3/2023.07-2/lib/python3.11/site-packages (from aiohttp~=3.0->gradio==3.37.0->videollava==1.0.0) (1.8.1)
Requirement already satisfied: frozenlist>=1.1.1 in /sw/arch/RHEL8/EB_production/2023/software/Anaconda3/2023.07-2/lib/python3.11/site-packages (from aiohttp~=3.0->gradio==3.37.0->videollava==1.0.0) (1.3.3)
Requirement already satisfied: aiosignal>=1.1.2 in /sw/arch/RHEL8/EB_production/2023/software/Anaconda3/2023.07-2/lib/python3.11/site-packages (from aiohttp~=3.0->gradio==3.37.0->videollava==1.0.0) (1.2.0)
Requirement already satisfied: jsonschema>=3.0 in /sw/arch/RHEL8/EB_production/2023/software/Anaconda3/2023.07-2/lib/python3.11/site-packages (from altair<6.0,>=4.2.0->gradio==3.37.0->videollava==1.0.0) (4.17.3)
Requirement already satisfied: narwhals>=1.14.2 in /home/scur2675/.local/lib/python3.11/site-packages (from altair<6.0,>=4.2.0->gradio==3.37.0->videollava==1.0.0) (1.36.0)
Requirement already satisfied: six>=1.4.0 in /sw/arch/RHEL8/EB_production/2023/software/Anaconda3/2023.07-2/lib/python3.11/site-packages (from docker-pycreds>=0.4.0->wandb->videollava==1.0.0) (1.16.0)
Collecting gitdb<5,>=4.0.1 (from gitpython!=3.1.29,>=1.0.0->wandb->videollava==1.0.0)
  Downloading gitdb-4.0.12-py3-none-any.whl.metadata (1.2 kB)
Requirement already satisfied: anyio<5.0,>=3.0 in /home/scur2675/.local/lib/python3.11/site-packages (from httpcore<0.18.0,>=0.15.0->httpx==0.24.0->videollava==1.0.0) (4.9.0)
Requirement already satisfied: mdurl~=0.1 in /sw/arch/RHEL8/EB_production/2023/software/Anaconda3/2023.07-2/lib/python3.11/site-packages (from markdown-it-py>=2.0.0->markdown-it-py[linkify]>=2.0.0->gradio==3.37.0->videollava==1.0.0) (0.1.0)
Requirement already satisfied: linkify-it-py<3,>=1 in /sw/arch/RHEL8/EB_production/2023/software/Anaconda3/2023.07-2/lib/python3.11/site-packages (from markdown-it-py[linkify]>=2.0.0->gradio==3.37.0->videollava==1.0.0) (2.0.0)
Requirement already satisfied: contourpy>=1.0.1 in /sw/arch/RHEL8/EB_production/2023/software/Anaconda3/2023.07-2/lib/python3.11/site-packages (from matplotlib~=3.0->gradio==3.37.0->videollava==1.0.0) (1.0.5)
Requirement already satisfied: cycler>=0.10 in /sw/arch/RHEL8/EB_production/2023/software/Anaconda3/2023.07-2/lib/python3.11/site-packages (from matplotlib~=3.0->gradio==3.37.0->videollava==1.0.0) (0.11.0)
Requirement already satisfied: fonttools>=4.22.0 in /sw/arch/RHEL8/EB_production/2023/software/Anaconda3/2023.07-2/lib/python3.11/site-packages (from matplotlib~=3.0->gradio==3.37.0->videollava==1.0.0) (4.25.0)
Requirement already satisfied: kiwisolver>=1.0.1 in /sw/arch/RHEL8/EB_production/2023/software/Anaconda3/2023.07-2/lib/python3.11/site-packages (from matplotlib~=3.0->gradio==3.37.0->videollava==1.0.0) (1.4.4)
Requirement already satisfied: pyparsing>=2.3.1 in /sw/arch/RHEL8/EB_production/2023/software/Anaconda3/2023.07-2/lib/python3.11/site-packages (from matplotlib~=3.0->gradio==3.37.0->videollava==1.0.0) (3.0.9)
Requirement already satisfied: python-dateutil>=2.7 in /sw/arch/RHEL8/EB_production/2023/software/Anaconda3/2023.07-2/lib/python3.11/site-packages (from matplotlib~=3.0->gradio==3.37.0->videollava==1.0.0) (2.8.2)
Requirement already satisfied: pytz>=2020.1 in /sw/arch/RHEL8/EB_production/2023/software/Anaconda3/2023.07-2/lib/python3.11/site-packages (from pandas<3.0,>=1.0->gradio==3.37.0->videollava==1.0.0) (2022.7)
Requirement already satisfied: mpmath>=0.19 in /sw/arch/RHEL8/EB_production/2023/software/Anaconda3/2023.07-2/lib/python3.11/site-packages (from sympy->torch==2.0.1->videollava==1.0.0) (1.3.0)
Requirement already satisfied: svgwrite in /home/scur2675/.local/lib/python3.11/site-packages (from wavedrom->markdown2[all]->videollava==1.0.0) (1.4.3)
Collecting smmap<6,>=3.0.1 (from gitdb<5,>=4.0.1->gitpython!=3.1.29,>=1.0.0->wandb->videollava==1.0.0)
  Downloading smmap-5.0.2-py3-none-any.whl.metadata (4.3 kB)
Requirement already satisfied: pyrsistent!=0.17.0,!=0.17.1,!=0.17.2,>=0.14.0 in /sw/arch/RHEL8/EB_production/2023/software/Anaconda3/2023.07-2/lib/python3.11/site-packages (from jsonschema>=3.0->altair<6.0,>=4.2.0->gradio==3.37.0->videollava==1.0.0) (0.18.0)
Requirement already satisfied: uc-micro-py in /sw/arch/RHEL8/EB_production/2023/software/Anaconda3/2023.07-2/lib/python3.11/site-packages (from linkify-it-py<3,>=1->markdown-it-py[linkify]>=2.0.0->gradio==3.37.0->videollava==1.0.0) (1.0.1)
Downloading ninja-1.11.1.4-py3-none-manylinux_2_12_x86_64.manylinux2010_x86_64.whl (422 kB)
Downloading wandb-0.19.10-py3-none-manylinux_2_17_x86_64.manylinux2014_x86_64.whl (21.3 MB)
   â”â”â”â”â”â”â”â”â”â”â”â”â”â”â”â”â”â”â”â”â”â”â”â”â”â”â”â”â”â”â”â”â”â”â”â”â”â”â”â” 21.3/21.3 MB 96.6 MB/s eta 0:00:00
Downloading docker_pycreds-0.4.0-py2.py3-none-any.whl (9.0 kB)
Downloading GitPython-3.1.44-py3-none-any.whl (207 kB)
Downloading sentry_sdk-2.27.0-py2.py3-none-any.whl (340 kB)
Downloading hjson-3.1.0-py3-none-any.whl (54 kB)
Downloading setproctitle-1.3.5-cp311-cp311-manylinux_2_5_x86_64.manylinux1_x86_64.manylinux_2_17_x86_64.manylinux2014_x86_64.whl (31 kB)
Downloading gitdb-4.0.12-py3-none-any.whl (62 kB)
Downloading smmap-5.0.2-py3-none-any.whl (24 kB)
Building wheels for collected packages: videollava, deepspeed
  Building editable for videollava (pyproject.toml): started
  Building editable for videollava (pyproject.toml): finished with status 'done'
  Created wheel for videollava: filename=videollava-1.0.0-0.editable-py3-none-any.whl size=14138 sha256=b7cb78d54b68bcdea69bfd332e045fae4831fa12f0bcbfd71694a8dace62a0fc
  Stored in directory: /gpfs/scratch1/nodespecific/gcn54/scur2675.11363663/pip-ephem-wheel-cache-fjjkv5f7/wheels/9c/c3/5e/cefe51985acbf7dc08979dd48fb87461f2d1b7d1da6e955bf8
  Building wheel for deepspeed (setup.py): started
  Building wheel for deepspeed (setup.py): finished with status 'done'
  Created wheel for deepspeed: filename=deepspeed-0.9.5-py3-none-any.whl size=844499 sha256=eafe3fd1145c3bcdc3aef5d78d675c06edc63be083e11e1832d4ecfbb0141654
  Stored in directory: /gpfs/home6/scur2675/.cache/pip/wheels/6f/44/f1/8f94e098c8328bf2797308316dfe935c9d52c995f454c738e1
Successfully built videollava deepspeed
Installing collected packages: hjson, smmap, setproctitle, sentry-sdk, ninja, docker-pycreds, gitdb, gitpython, deepspeed, wandb, videollava
  Attempting uninstall: videollava
    Found existing installation: videollava 1.0.0
    Uninstalling videollava-1.0.0:
      Successfully uninstalled videollava-1.0.0
Successfully installed deepspeed-0.9.5 docker-pycreds-0.4.0 gitdb-4.0.12 gitpython-3.1.44 hjson-3.1.0 ninja-1.11.1.4 sentry-sdk-2.27.0 setproctitle-1.3.5 smmap-5.0.2 videollava-1.0.0 wandb-0.19.10
Defaulting to user installation because normal site-packages is not writeable
Collecting flash-attn
  Downloading flash_attn-2.7.4.post1.tar.gz (6.0 MB)
     â”â”â”â”â”â”â”â”â”â”â”â”â”â”â”â”â”â”â”â”â”â”â”â”â”â”â”â”â”â”â”â”â”â”â”â”â”â”â”â” 6.0/6.0 MB 138.2 MB/s eta 0:00:00
  Preparing metadata (setup.py): started
  Preparing metadata (setup.py): finished with status 'error'
  error: subprocess-exited-with-error
  
  Ã— python setup.py egg_info did not run successfully.
  â”‚ exit code: 1
  â•°â”€> [21 lines of output]
      /gpfs/scratch1/nodespecific/gcn54/scur2675.11363663/pip-install-c_6wpl6i/flash-attn_209debffb20e4bf0b59df44f8e97cecb/setup.py:106: UserWarning: flash_attn was requested, but nvcc was not found.  Are you sure your environment has nvcc available?  If you're installing within a container from https://hub.docker.com/r/pytorch/pytorch, only images whose names contain 'devel' will provide nvcc.
        warnings.warn(
      Traceback (most recent call last):
        File "<string>", line 2, in <module>
        File "<pip-setuptools-caller>", line 34, in <module>
        File "/gpfs/scratch1/nodespecific/gcn54/scur2675.11363663/pip-install-c_6wpl6i/flash-attn_209debffb20e4bf0b59df44f8e97cecb/setup.py", line 198, in <module>
          CUDAExtension(
        File "/sw/arch/RHEL8/EB_production/2023/software/Anaconda3/2023.07-2/lib/python3.11/site-packages/torch/utils/cpp_extension.py", line 1048, in CUDAExtension
          library_dirs += library_paths(cuda=True)
                          ^^^^^^^^^^^^^^^^^^^^^^^^
        File "/sw/arch/RHEL8/EB_production/2023/software/Anaconda3/2023.07-2/lib/python3.11/site-packages/torch/utils/cpp_extension.py", line 1179, in library_paths
          if (not os.path.exists(_join_cuda_home(lib_dir)) and
                                 ^^^^^^^^^^^^^^^^^^^^^^^^
        File "/sw/arch/RHEL8/EB_production/2023/software/Anaconda3/2023.07-2/lib/python3.11/site-packages/torch/utils/cpp_extension.py", line 2223, in _join_cuda_home
          raise EnvironmentError('CUDA_HOME environment variable is not set. '
      OSError: CUDA_HOME environment variable is not set. Please set it to your CUDA install root.
      
      
      torch.__version__  = 2.0.1
      
      
      [end of output]
  
  note: This error originates from a subprocess, and is likely not a problem with pip.
error: metadata-generation-failed

Ã— Encountered error while generating package metadata.
â•°â”€> See above for output.

note: This is an issue with the package mentioned above, not pip.
hint: See above for details.
Defaulting to user installation because normal site-packages is not writeable
Collecting git+https://github.com/facebookresearch/pytorchvideo.git@28fe037d212663c6a24f373b94cc5d478c8c1a1d
  Cloning https://github.com/facebookresearch/pytorchvideo.git (to revision 28fe037d212663c6a24f373b94cc5d478c8c1a1d) to /gpfs/scratch1/nodespecific/gcn54/scur2675.11363663/pip-req-build-dyy_n1nl
  Running command git clone --filter=blob:none --quiet https://github.com/facebookresearch/pytorchvideo.git /gpfs/scratch1/nodespecific/gcn54/scur2675.11363663/pip-req-build-dyy_n1nl
  Running command git rev-parse -q --verify 'sha^28fe037d212663c6a24f373b94cc5d478c8c1a1d'
  Running command git fetch -q https://github.com/facebookresearch/pytorchvideo.git 28fe037d212663c6a24f373b94cc5d478c8c1a1d
  Running command git checkout -q 28fe037d212663c6a24f373b94cc5d478c8c1a1d
  Resolved https://github.com/facebookresearch/pytorchvideo.git to commit 28fe037d212663c6a24f373b94cc5d478c8c1a1d
  Preparing metadata (setup.py): started
  Preparing metadata (setup.py): finished with status 'done'
Collecting decord
  Downloading decord-0.6.0-py3-none-manylinux2010_x86_64.whl.metadata (422 bytes)
Collecting opencv-python
  Downloading opencv_python-4.11.0.86-cp37-abi3-manylinux_2_17_x86_64.manylinux2014_x86_64.whl.metadata (20 kB)
Requirement already satisfied: numpy>=1.14.0 in /sw/arch/RHEL8/EB_production/2023/software/Anaconda3/2023.07-2/lib/python3.11/site-packages (from decord) (1.24.3)
Collecting fvcore (from pytorchvideo==0.1.5)
  Downloading fvcore-0.1.5.post20221221.tar.gz (50 kB)
  Preparing metadata (setup.py): started
  Preparing metadata (setup.py): finished with status 'done'
Collecting av (from pytorchvideo==0.1.5)
  Downloading av-14.3.0-cp311-cp311-manylinux_2_17_x86_64.manylinux2014_x86_64.whl.metadata (4.7 kB)
Collecting parameterized (from pytorchvideo==0.1.5)
  Downloading parameterized-0.9.0-py2.py3-none-any.whl.metadata (18 kB)
Collecting iopath (from pytorchvideo==0.1.5)
  Downloading iopath-0.1.10.tar.gz (42 kB)
  Preparing metadata (setup.py): started
  Preparing metadata (setup.py): finished with status 'done'
Requirement already satisfied: networkx in /sw/arch/RHEL8/EB_production/2023/software/Anaconda3/2023.07-2/lib/python3.11/site-packages (from pytorchvideo==0.1.5) (3.1)
Collecting yacs>=0.1.6 (from fvcore->pytorchvideo==0.1.5)
  Downloading yacs-0.1.8-py3-none-any.whl.metadata (639 bytes)
Requirement already satisfied: pyyaml>=5.1 in /sw/arch/RHEL8/EB_production/2023/software/Anaconda3/2023.07-2/lib/python3.11/site-packages (from fvcore->pytorchvideo==0.1.5) (6.0)
Requirement already satisfied: tqdm in /sw/arch/RHEL8/EB_production/2023/software/Anaconda3/2023.07-2/lib/python3.11/site-packages (from fvcore->pytorchvideo==0.1.5) (4.65.0)
Collecting termcolor>=1.1 (from fvcore->pytorchvideo==0.1.5)
  Downloading termcolor-3.0.1-py3-none-any.whl.metadata (6.1 kB)
Requirement already satisfied: Pillow in /sw/arch/RHEL8/EB_production/2023/software/Anaconda3/2023.07-2/lib/python3.11/site-packages (from fvcore->pytorchvideo==0.1.5) (9.4.0)
Requirement already satisfied: tabulate in /sw/arch/RHEL8/EB_production/2023/software/Anaconda3/2023.07-2/lib/python3.11/site-packages (from fvcore->pytorchvideo==0.1.5) (0.8.10)
Requirement already satisfied: typing_extensions in /home/scur2675/.local/lib/python3.11/site-packages (from iopath->pytorchvideo==0.1.5) (4.13.2)
Collecting portalocker (from iopath->pytorchvideo==0.1.5)
  Downloading portalocker-3.1.1-py3-none-any.whl.metadata (8.6 kB)
Downloading decord-0.6.0-py3-none-manylinux2010_x86_64.whl (13.6 MB)
   â”â”â”â”â”â”â”â”â”â”â”â”â”â”â”â”â”â”â”â”â”â”â”â”â”â”â”â”â”â”â”â”â”â”â”â”â”â”â”â” 13.6/13.6 MB 154.8 MB/s eta 0:00:00
Downloading opencv_python-4.11.0.86-cp37-abi3-manylinux_2_17_x86_64.manylinux2014_x86_64.whl (63.0 MB)
   â”â”â”â”â”â”â”â”â”â”â”â”â”â”â”â”â”â”â”â”â”â”â”â”â”â”â”â”â”â”â”â”â”â”â”â”â”â”â”â” 63.0/63.0 MB 164.4 MB/s eta 0:00:00
Downloading av-14.3.0-cp311-cp311-manylinux_2_17_x86_64.manylinux2014_x86_64.whl (35.2 MB)
   â”â”â”â”â”â”â”â”â”â”â”â”â”â”â”â”â”â”â”â”â”â”â”â”â”â”â”â”â”â”â”â”â”â”â”â”â”â”â”â” 35.2/35.2 MB 142.6 MB/s eta 0:00:00
Downloading parameterized-0.9.0-py2.py3-none-any.whl (20 kB)
Downloading termcolor-3.0.1-py3-none-any.whl (7.2 kB)
Downloading yacs-0.1.8-py3-none-any.whl (14 kB)
Downloading portalocker-3.1.1-py3-none-any.whl (19 kB)
Building wheels for collected packages: pytorchvideo, fvcore, iopath
  Building wheel for pytorchvideo (setup.py): started
  Building wheel for pytorchvideo (setup.py): finished with status 'done'
  Created wheel for pytorchvideo: filename=pytorchvideo-0.1.5-py3-none-any.whl size=211207 sha256=5e58307580c9d51e1628c1ffedfaef3df5f10a12c26144f5c18b5daab35a244d
  Stored in directory: /gpfs/home6/scur2675/.cache/pip/wheels/43/21/88/41a3a96207f2f649f286f9a547a521dc1085595d39564532a3
  Building wheel for fvcore (setup.py): started
  Building wheel for fvcore (setup.py): finished with status 'done'
  Created wheel for fvcore: filename=fvcore-0.1.5.post20221221-py3-none-any.whl size=61405 sha256=5e87f936d62dd45672040f0a0b9abbd24b7fde53512a1908604167838ab97656
  Stored in directory: /gpfs/home6/scur2675/.cache/pip/wheels/65/71/95/3b8fde5c65c6e4a806e0867c1651dcc71a1cb2f3430e8f355f
  Building wheel for iopath (setup.py): started
  Building wheel for iopath (setup.py): finished with status 'done'
  Created wheel for iopath: filename=iopath-0.1.10-py3-none-any.whl size=31532 sha256=c79ea3aa033c2b18281a85561a4b1f6662a7f9be54b521cce3648993e9f20721
  Stored in directory: /gpfs/home6/scur2675/.cache/pip/wheels/ba/5e/16/6117f8fe7e9c0c161a795e10d94645ebcf301ccbd01f66d8ec
Successfully built pytorchvideo fvcore iopath
Installing collected packages: yacs, termcolor, portalocker, parameterized, opencv-python, decord, av, iopath, fvcore, pytorchvideo
Successfully installed av-14.3.0 decord-0.6.0 fvcore-0.1.5.post20221221 iopath-0.1.10 opencv-python-4.11.0.86 parameterized-0.9.0 portalocker-3.1.1 pytorchvideo-0.1.5 termcolor-3.0.1 yacs-0.1.8

JOB STATISTICS
==============
Job ID: 11363663
Cluster: snellius
User/Group: scur2675/scur2675
State: COMPLETED (exit code 0)
Nodes: 1
Cores per node: 18
CPU Utilized: 00:01:06
CPU Efficiency: 3.67% of 00:30:00 core-walltime
Job Wall-clock time: 00:01:40
Memory Utilized: 236.24 MB
Memory Efficiency: 0.19% of 120.00 GB (120.00 GB/node)
